1711781421715:help
1711781744847:hello-to
1711781752378:hello-to some
1711781767735:exit
1711782158040:help
1711782163927:hello-to
1711782166511:hello-to some
1711783373574:hello-to somed
1711783375537:hello-to somewefwe
1711783384810:hello-to s
1711783822766:hello-to so
1711784346206:hello-to s
1711784349749:hello-to some
1711785378379:hello-to s
1711785581850:exit
1711787814072:рудз
1711787815566:help
1711787820853:exit
1711789853330:help
1711789857511:hello-to some
1711789881811:exit
1711789908250:help
1711789912180:exit
1711789949455:help
1711789950443:exit
1711792803389:get
1711792912305:help
1711792914038:get
